<?xml version="1.0" encoding="UTF-8"?>
<!-- Generated by org.testng.reporters.JUnitXMLReporter -->
<testsuite ignored="0" hostname="DESKTOP-29HORGQ" failures="0" tests="4" name="Test" time="0.132" errors="0" timestamp="2022-09-12T23:04:50 IST">
  <testcase classname="scripts.Test3" name="tc3" time="0.016"/>
  <testcase classname="scripts.Test2" name="tc2" time="0.003"/>
  <testcase classname="scripts.Test1" name="tc1" time="0.004"/>
  <testcase classname="scripts.Test0" name="tc0" time="0.003"/>
</testsuite> <!-- Test -->
