<?xml version="1.0" encoding="UTF-8"?>
<testng-results ignored="0" total="1" passed="1" failed="0" skipped="0">
  <reporter-output>
    <line>
      <![CDATA[hello postman]]>
    </line>
  </reporter-output>
  <suite started-at="2022-12-16T22:50:11 IST" name="Default suite" finished-at="2022-12-16T22:50:11 IST" duration-ms="63">
    <groups>
    </groups>
    <test started-at="2022-12-16T22:50:11 IST" name="Default test" finished-at="2022-12-16T22:50:11 IST" duration-ms="63">
      <class name="scripts.Test5">
        <test-method signature="tc4()[pri:0, instance:scripts.Test5@932bc4a]" started-at="2022-12-16T22:50:11 IST" name="tc4" finished-at="2022-12-16T22:50:11 IST" duration-ms="10" status="PASS">
          <reporter-output>
            <line>
              <![CDATA[hello postman]]>
            </line>
          </reporter-output>
        </test-method> <!-- tc4 -->
      </class> <!-- scripts.Test5 -->
    </test> <!-- Default test -->
  </suite> <!-- Default suite -->
</testng-results>
