<?xml version="1.0" encoding="UTF-8"?>
<testng-results ignored="0" total="4" passed="4" failed="0" skipped="0">
  <reporter-output>
    <line>
      <![CDATA[hello pythonselenium]]>
    </line>
    <line>
      <![CDATA[hello python]]>
    </line>
    <line>
      <![CDATA[hello selenium]]>
    </line>
    <line>
      <![CDATA[hello java]]>
    </line>
  </reporter-output>
  <suite started-at="2022-09-12T23:04:50 IST" name="Suite" finished-at="2022-09-12T23:04:50 IST" duration-ms="132">
    <groups>
    </groups>
    <test started-at="2022-09-12T23:04:50 IST" name="Test" finished-at="2022-09-12T23:04:50 IST" duration-ms="132">
      <class name="scripts.Test1">
        <test-method signature="tc1()[pri:0, instance:scripts.Test1@193f604a]" started-at="2022-09-12T23:04:50 IST" name="tc1" finished-at="2022-09-12T23:04:50 IST" duration-ms="4" status="PASS">
          <reporter-output>
            <line>
              <![CDATA[hello selenium]]>
            </line>
          </reporter-output>
        </test-method> <!-- tc1 -->
      </class> <!-- scripts.Test1 -->
      <class name="scripts.Test0">
        <test-method signature="tc0()[pri:0, instance:scripts.Test0@20f5239f]" started-at="2022-09-12T23:04:50 IST" name="tc0" finished-at="2022-09-12T23:04:50 IST" duration-ms="3" status="PASS">
          <reporter-output>
            <line>
              <![CDATA[hello java]]>
            </line>
          </reporter-output>
        </test-method> <!-- tc0 -->
      </class> <!-- scripts.Test0 -->
      <class name="scripts.Test3">
        <test-method signature="tc3()[pri:0, instance:scripts.Test3@120f102b]" started-at="2022-09-12T23:04:50 IST" name="tc3" finished-at="2022-09-12T23:04:50 IST" duration-ms="16" status="PASS">
          <reporter-output>
            <line>
              <![CDATA[hello pythonselenium]]>
            </line>
          </reporter-output>
        </test-method> <!-- tc3 -->
      </class> <!-- scripts.Test3 -->
      <class name="scripts.Test2">
        <test-method signature="tc2()[pri:0, instance:scripts.Test2@6d3a388c]" started-at="2022-09-12T23:04:50 IST" name="tc2" finished-at="2022-09-12T23:04:50 IST" duration-ms="3" status="PASS">
          <reporter-output>
            <line>
              <![CDATA[hello python]]>
            </line>
          </reporter-output>
        </test-method> <!-- tc2 -->
      </class> <!-- scripts.Test2 -->
    </test> <!-- Test -->
  </suite> <!-- Suite -->
</testng-results>
